c:\users\star1\desktop\jusin\5th_sr_team3project\client\include\debug\client.pch
c:\users\star1\desktop\jusin\5th_sr_team3project\client\include\debug\vc142.pdb
c:\users\star1\desktop\jusin\5th_sr_team3project\client\include\debug\vc142.idb
c:\users\star1\desktop\jusin\5th_sr_team3project\client\include\debug\stdafx.obj
c:\users\star1\desktop\jusin\5th_sr_team3project\client\include\debug\unity_5cszz24hcye66mv8.obj
c:\users\star1\desktop\jusin\5th_sr_team3project\client\include\debug\unity_6mc1x4lpamzqqlvk.obj
c:\users\star1\desktop\jusin\5th_sr_team3project\client\include\debug\unity_mt96f1qhamv9ipgo.obj
c:\users\star1\desktop\jusin\5th_sr_team3project\client\include\debug\unity_st8o1ziielmow7bs.obj
c:\users\star1\desktop\jusin\5th_sr_team3project\client\bin\client.lib
c:\users\star1\desktop\jusin\5th_sr_team3project\client\bin\client.exp
c:\users\star1\desktop\jusin\5th_sr_team3project\client\include\debug\client.ilk
c:\users\star1\desktop\jusin\5th_sr_team3project\client\bin\client.exe
c:\users\star1\desktop\jusin\5th_sr_team3project\client\bin\client.pdb
c:\users\star1\desktop\jusin\5th_sr_team3project\client\include\debug\client.res
c:\users\star1\desktop\jusin\5th_sr_team3project\client\include\debug\client.tlog\cl.command.1.tlog
c:\users\star1\desktop\jusin\5th_sr_team3project\client\include\debug\client.tlog\cl.read.1.tlog
c:\users\star1\desktop\jusin\5th_sr_team3project\client\include\debug\client.tlog\cl.write.1.tlog
c:\users\star1\desktop\jusin\5th_sr_team3project\client\include\debug\client.tlog\client.write.1u.tlog
c:\users\star1\desktop\jusin\5th_sr_team3project\client\include\debug\client.tlog\link.command.1.tlog
c:\users\star1\desktop\jusin\5th_sr_team3project\client\include\debug\client.tlog\link.read.1.tlog
c:\users\star1\desktop\jusin\5th_sr_team3project\client\include\debug\client.tlog\link.write.1.tlog
c:\users\star1\desktop\jusin\5th_sr_team3project\client\include\debug\client.tlog\rc.command.1.tlog
c:\users\star1\desktop\jusin\5th_sr_team3project\client\include\debug\client.tlog\rc.read.1.tlog
c:\users\star1\desktop\jusin\5th_sr_team3project\client\include\debug\client.tlog\rc.write.1.tlog
