c:\users\wheta\documents\jusin_sr_teamprj\git_original\engine\system\include\debug\unity_pk7xvpkco3csjt9y.obj
c:\users\wheta\documents\jusin_sr_teamprj\git_original\engine\system\include\debug\unity_61mr65w2ycmpgotd.obj
c:\users\wheta\documents\jusin_sr_teamprj\git_original\engine\system\include\debug\vc142.pdb
c:\users\wheta\documents\jusin_sr_teamprj\git_original\engine\system\include\debug\system.ilk
c:\users\wheta\documents\jusin_sr_teamprj\git_original\engine\system\bin\system.dll
c:\users\wheta\documents\jusin_sr_teamprj\git_original\engine\system\bin\system.pdb
c:\users\star1\desktop\jusin\5th_sr_team3project\engine\system\bin\system.lib
c:\users\star1\desktop\jusin\5th_sr_team3project\engine\system\bin\system.exp
c:\users\gksk7\desktop\2023 file\3. jusin 137c\jsproject_6_sr_5team\srproject\engine\system\bin\system.lib
c:\users\gksk7\desktop\2023 file\3. jusin 137c\jsproject_6_sr_5team\srproject\engine\system\bin\system.exp
c:\users\junyeop\desktop\sr_team(delver)\engine\system\bin\system.lib
c:\users\junyeop\desktop\sr_team(delver)\engine\system\bin\system.exp
c:\users\wheta\documents\jusin_sr_teamprj\git_original\engine\system\bin\system.lib
c:\users\wheta\documents\jusin_sr_teamprj\git_original\engine\system\bin\system.exp
c:\users\wheta\documents\jusin_sr_teamprj\git_original\engine\system\include\debug\unity_ahpzmv78w4h66ows.obj
c:\users\wheta\documents\jusin_sr_teamprj\git_original\engine\system\include\debug\unity_gnwene0y06hdylp3.obj
c:\users\wheta\documents\jusin_sr_teamprj\git_original\engine\system\include\debug\vc142.idb
c:\users\wheta\documents\jusin_sr_teamprj\git_original\engine\system\include\debug\system.tlog\cl.76184.write.1.tlog
c:\users\wheta\documents\jusin_sr_teamprj\git_original\engine\system\include\debug\system.tlog\cl.command.1.tlog
c:\users\wheta\documents\jusin_sr_teamprj\git_original\engine\system\include\debug\system.tlog\cl.read.1.tlog
c:\users\wheta\documents\jusin_sr_teamprj\git_original\engine\system\include\debug\system.tlog\link.command.1.tlog
c:\users\wheta\documents\jusin_sr_teamprj\git_original\engine\system\include\debug\system.tlog\link.read.1.tlog
c:\users\wheta\documents\jusin_sr_teamprj\git_original\engine\system\include\debug\system.tlog\link.write.1.tlog
c:\users\wheta\documents\jusin_sr_teamprj\git_original\engine\system\include\debug\system.tlog\system.write.1u.tlog
