  unity_58UJ7IVQK3VC325A.cpp
  unity_A52K70FHT16Q0UPH.cpp
  unity_BS7S33WDH9B6C34O.cpp
  unity_E5XC0OHC2KONPTOC.cpp
  unity_RNLSVIHWMG6QAYUO.cpp
  unity_WFVLL8YUKJ7KCFQT.cpp
  unity_ZJCZGU3DQ6J20T81.cpp
  Utility.vcxproj -> C:\Users\star1\Desktop\jusin\5th_SR_Team3Project\Engine\Utility\Bin\Utility.dll
  .\Engine\Utility\Code\*.h 
  지정된 파일을 찾을 수 없습니다.
  지정된 파일을 찾을 수 없습니다.
          0개 파일이 복사되었습니다.
  .\Engine\Utility\Code\*.hpp 
          0개 파일이 복사되었습니다.
          1개 파일이 복사되었습니다.
          1개 파일이 복사되었습니다.
  .\Engine\Header\Camera.h
  .\Engine\Header\Collider.h
  .\Engine\Header\CollisionManager.h
  .\Engine\Header\Component.h
  .\Engine\Header\Cube.h
  .\Engine\Header\CubeBf.h
  .\Engine\Header\Engine_Define.h
  .\Engine\Header\Engine_Enum.h
  .\Engine\Header\Engine_Function.h
  .\Engine\Header\Engine_Macro.h
  .\Engine\Header\Engine_Struct.h
  .\Engine\Header\Engine_Typedef.h
  .\Engine\Header\EventManager.h
  .\Engine\Header\Export_Function.h
  .\Engine\Header\Export_System.h
  .\Engine\Header\Export_Utility.h
  .\Engine\Header\Frame.h
  .\Engine\Header\FrameMgr.h
  .\Engine\Header\GameObject.h
  .\Engine\Header\GraphicDev.h
  .\Engine\Header\InputDev.h
  .\Engine\Header\Layer.h
  .\Engine\Header\LightManager.h
  .\Engine\Header\Monster.h
  .\Engine\Header\Pipeline.h
  .\Engine\Header\PlayerBf.h
  .\Engine\Header\PrototypeManager.h
  .\Engine\Header\RcTex.h
  .\Engine\Header\Renderer.h
  .\Engine\Header\RigidBody.h
  .\Engine\Header\Scene.h
  .\Engine\Header\SceneManager.h
  .\Engine\Header\TerrainTex.h
  .\Engine\Header\Texture.h
  .\Engine\Header\Timer.h
  .\Engine\Header\TimerMgr.h
  .\Engine\Header\Transform.h
  .\Engine\Header\TriCol.h
  .\Engine\Header\UIManager.h
  .\Engine\Header\VIBuffer.h
         40개 파일이 복사되었습니다.
  .\Engine\Header\Export_System.inl
  .\Engine\Header\Export_Utility.inl
          2개 파일이 복사되었습니다.
