c:\users\wheta\documents\jusin_sr_teamprj\git_original\engine\utility\include\debug\unity_rck1j3jdaoc0ibbd.obj
c:\users\wheta\documents\jusin_sr_teamprj\git_original\engine\utility\include\debug\unity_6q6pe4nv0cb7ayyv.obj
c:\users\wheta\documents\jusin_sr_teamprj\git_original\engine\utility\include\debug\unity_hduywmnucjnutojb.obj
c:\users\wheta\documents\jusin_sr_teamprj\git_original\engine\utility\include\debug\unity_dc8gk1a48571du1x.obj
c:\users\wheta\documents\jusin_sr_teamprj\git_original\engine\utility\include\debug\unity_18tzgmpwyepcgw40.obj
c:\users\wheta\documents\jusin_sr_teamprj\git_original\engine\utility\include\debug\unity_6tzqsbhjnzfxt5f0.obj
c:\users\wheta\documents\jusin_sr_teamprj\git_original\engine\utility\include\debug\unity_v2d6uvfzw4x29n0x.obj
c:\users\wheta\documents\jusin_sr_teamprj\git_original\engine\utility\include\debug\unity_mnnesdnmur76z8iz.obj
c:\users\wheta\documents\jusin_sr_teamprj\git_original\engine\utility\include\debug\vc142.pdb
c:\users\wheta\documents\jusin_sr_teamprj\git_original\engine\utility\bin\utility.dll
c:\users\wheta\documents\jusin_sr_teamprj\git_original\engine\utility\include\debug\utility.ilk
c:\users\wheta\documents\jusin_sr_teamprj\git_original\engine\utility\bin\utility.pdb
c:\users\star1\desktop\jusin\5th_sr_team3project\engine\utility\bin\utility.lib
c:\users\star1\desktop\jusin\5th_sr_team3project\engine\utility\bin\utility.exp
c:\users\gksk7\desktop\2023 file\3. jusin 137c\jsproject_6_sr_5team\srproject\engine\utility\bin\utility.lib
c:\users\gksk7\desktop\2023 file\3. jusin 137c\jsproject_6_sr_5team\srproject\engine\utility\bin\utility.exp
c:\users\junyeop\desktop\sr_team(delver)\engine\utility\bin\utility.lib
c:\users\junyeop\desktop\sr_team(delver)\engine\utility\bin\utility.exp
c:\users\wheta\documents\jusin_sr_teamprj\git_original\engine\utility\bin\utility.lib
c:\users\wheta\documents\jusin_sr_teamprj\git_original\engine\utility\bin\utility.exp
c:\users\wheta\documents\jusin_sr_teamprj\git_original\engine\utility\include\debug\vc142.idb
c:\users\wheta\documents\jusin_sr_teamprj\git_original\engine\utility\include\debug\utility.tlog\cl.10476.write.1.tlog
c:\users\wheta\documents\jusin_sr_teamprj\git_original\engine\utility\include\debug\utility.tlog\cl.command.1.tlog
c:\users\wheta\documents\jusin_sr_teamprj\git_original\engine\utility\include\debug\utility.tlog\cl.read.1.tlog
c:\users\wheta\documents\jusin_sr_teamprj\git_original\engine\utility\include\debug\utility.tlog\link.26360.delete.1.tlog
c:\users\wheta\documents\jusin_sr_teamprj\git_original\engine\utility\include\debug\utility.tlog\link.27628.delete.1.tlog
c:\users\wheta\documents\jusin_sr_teamprj\git_original\engine\utility\include\debug\utility.tlog\link.29924.delete.1.tlog
c:\users\wheta\documents\jusin_sr_teamprj\git_original\engine\utility\include\debug\utility.tlog\link.5764.delete.1.tlog
c:\users\wheta\documents\jusin_sr_teamprj\git_original\engine\utility\include\debug\utility.tlog\link.command.1.tlog
c:\users\wheta\documents\jusin_sr_teamprj\git_original\engine\utility\include\debug\utility.tlog\link.delete.1.tlog
c:\users\wheta\documents\jusin_sr_teamprj\git_original\engine\utility\include\debug\utility.tlog\link.read.1.tlog
c:\users\wheta\documents\jusin_sr_teamprj\git_original\engine\utility\include\debug\utility.tlog\link.write.1.tlog
c:\users\wheta\documents\jusin_sr_teamprj\git_original\engine\utility\include\debug\utility.tlog\utility.write.1u.tlog
